<?xml version="1.0" encoding="UTF-8"?>
<testng-results ignored="0" total="1" passed="1" failed="0" skipped="0">
  <reporter-output>
  </reporter-output>
  <suite started-at="2024-08-23T14:36:32 IST" name="Default suite" finished-at="2024-08-23T14:36:40 IST" duration-ms="8468">
    <groups>
    </groups>
    <test started-at="2024-08-23T14:36:32 IST" name="Default test" finished-at="2024-08-23T14:36:40 IST" duration-ms="8468">
      <class name="Blinkit.Screenshot">
        <test-method signature="getScreenShot()[pri:0, instance:Blinkit.Screenshot@26794848]" started-at="2024-08-23T14:36:32 IST" name="getScreenShot" finished-at="2024-08-23T14:36:40 IST" duration-ms="8417" status="PASS">
          <reporter-output>
          </reporter-output>
        </test-method> <!-- getScreenShot -->
      </class> <!-- Blinkit.Screenshot -->
    </test> <!-- Default test -->
  </suite> <!-- Default suite -->
</testng-results>
