<?xml version="1.0" encoding="UTF-8"?>
<!-- Generated by org.testng.reporters.JUnitXMLReporter -->
<testsuite ignored="1" hostname="DESKTOP-UA7G0ND" failures="0" tests="2" name="Car Loan" time="0.015" errors="0" timestamp="2024-08-09T16:42:08 IST">
  <testcase classname="TestngDemo.Testng_Day3" name="carLoan" time="0.003"/>
  <testcase classname="TestngDemo.Testng_Day3" name="loginAPI" time="0.004"/>
  <testcase classname="TestngDemo.Testng_Day3" name="learnBDD" time="0.0">
    <ignored/>
  </testcase> <!-- learnBDD -->
</testsuite> <!-- Car Loan -->
