<?xml version="1.0" encoding="UTF-8"?>
<!-- Generated by org.testng.reporters.JUnitXMLReporter -->
<testsuite ignored="0" hostname="DESKTOP-UA7G0ND" failures="0" tests="5" name="DataProvideTest" time="0.025" errors="0" timestamp="2024-08-10T16:40:51 IST">
  <testcase classname="TestngDemo.DataPrividerandParameterisation" name="getData" time="0.002"/>
  <testcase classname="TestngDemo.DataPrividerandParameterisation" name="getData" time="0.001"/>
  <testcase classname="TestngDemo.DataPrividerandParameterisation" name="getData" time="0.001"/>
  <testcase classname="TestngDemo.DataPrividerandParameterisation" name="getDetails" time="0.001"/>
  <testcase classname="TestngDemo.DataPrividerandParameterisation" name="siteURL" time="0.001"/>
</testsuite> <!-- DataProvideTest -->
