<?xml version="1.0" encoding="UTF-8"?>
<!-- Generated by org.testng.reporters.JUnitXMLReporter -->
<testsuite ignored="8" hostname="DESKTOP-UA7G0ND" failures="0" tests="2" name="Regression1" time="0.079" errors="0" timestamp="2024-08-09T17:42:15 IST">
  <testcase classname="TestngDemo.Testng_Day2" name="demo6" time="0.01"/>
  <testcase classname="TestngDemo.Testng_Day3" name="loginAPI" time="0.002"/>
  <testcase classname="TestngDemo.Testng_Day2" name="demo3" time="0.0">
    <ignored/>
  </testcase> <!-- demo3 -->
  <testcase classname="TestngDemo.Testng_Day4" name="RestAPIPrinciples" time="0.0">
    <ignored/>
  </testcase> <!-- RestAPIPrinciples -->
  <testcase classname="TestngDemo.Testng_Day4" name="RestAPILogic" time="0.0">
    <ignored/>
  </testcase> <!-- RestAPILogic -->
  <testcase classname="TestngDemo.Testng_Day3" name="carLoan" time="0.0">
    <ignored/>
  </testcase> <!-- carLoan -->
  <testcase classname="TestngDemo.Testng_Day1" name="demo2" time="0.0">
    <ignored/>
  </testcase> <!-- demo2 -->
  <testcase classname="TestngDemo.Testng_Day3" name="learnBDD" time="0.0">
    <ignored/>
  </testcase> <!-- learnBDD -->
  <testcase classname="TestngDemo.Testng_Day1" name="demo1" time="0.0">
    <ignored/>
  </testcase> <!-- demo1 -->
  <testcase classname="TestngDemo.Testng_Day4" name="RestAPIFundamentals" time="0.0">
    <ignored/>
  </testcase> <!-- RestAPIFundamentals -->
</testsuite> <!-- Regression1 -->
