<?xml version="1.0" encoding="UTF-8"?>
<!-- Generated by org.testng.reporters.JUnitXMLReporter -->
<testsuite ignored="0" hostname="DESKTOP-UA7G0ND" failures="0" tests="3" name="Rest API Folder" time="0.019" errors="0" timestamp="2024-08-09T16:42:08 IST">
  <testcase classname="TestngDemo.Testng_Day4" name="RestAPIFundamentals" time="0.001"/>
  <testcase classname="TestngDemo.Testng_Day4" name="RestAPILogic" time="0.001"/>
  <testcase classname="TestngDemo.Testng_Day4" name="RestAPIPrinciples" time="0.002"/>
</testsuite> <!-- Rest API Folder -->
